2023-05-23 09:05:65 INFO  LoginPage :40 - Enter user name [[ChromeDriver: chrome on WINDOWS (da6678582ec392beedf5b6e56a5833e6)] -> xpath: //input[@placeholder='Username']]
2023-05-23 09:05:173 INFO  LoginPage :45 - Enter password [[ChromeDriver: chrome on WINDOWS (da6678582ec392beedf5b6e56a5833e6)] -> xpath: //input[@placeholder='Password']]
2023-05-23 09:05:49 INFO  LoginPage :50 - Click on Login Button [[ChromeDriver: chrome on WINDOWS (da6678582ec392beedf5b6e56a5833e6)] -> xpath: //button[normalize-space()='Login']]
2023-05-23 09:05:338 INFO  HomePage :44 - Click on Admin link [[ChromeDriver: chrome on WINDOWS (da6678582ec392beedf5b6e56a5833e6)] -> link text: Admin]
2023-05-23 09:05:828 INFO  ViewSystemUserPage :57 -  Get System users text [[ChromeDriver: chrome on WINDOWS (da6678582ec392beedf5b6e56a5833e6)] -> xpath: //h5[normalize-space()='System Users']]
2023-05-23 09:05:325 INFO  ViewSystemUserPage :97 - Click on add button  [[ChromeDriver: chrome on WINDOWS (da6678582ec392beedf5b6e56a5833e6)] -> xpath: //button[normalize-space()='Add']]
2023-05-23 09:05:523 INFO  AddUserPage :63 - Get Add User text [[ChromeDriver: chrome on WINDOWS (da6678582ec392beedf5b6e56a5833e6)] -> xpath: //h6[normalize-space()='Add User']]
2023-05-23 09:05:604 INFO  AddUserPage :74 - Click on User Role dropdown [[ChromeDriver: chrome on WINDOWS (da6678582ec392beedf5b6e56a5833e6)] -> xpath: (//div[contains(text(),'-- Select --')])[1]]
2023-05-23 09:05:140 INFO  AddUserPage :76 - Click on User Role Admin [[ChromeDriver: chrome on WINDOWS (da6678582ec392beedf5b6e56a5833e6)] -> link text: Admin]
2023-05-23 09:05:415 INFO  AddUserPage :81 - Enter Employee name Paul Collings
2023-05-23 09:05:494 INFO  AddUserPage :86 - Enter Username prime321
2023-05-23 09:05:909 INFO  LoginPage :40 - Enter user name [[ChromeDriver: chrome on WINDOWS (6fcee3f415f2ec2dcf1a56f3d19995b6)] -> xpath: //input[@placeholder='Username']]
2023-05-23 09:05:29 INFO  LoginPage :45 - Enter password [[ChromeDriver: chrome on WINDOWS (6fcee3f415f2ec2dcf1a56f3d19995b6)] -> xpath: //input[@placeholder='Password']]
2023-05-23 09:05:81 INFO  LoginPage :50 - Click on Login Button [[ChromeDriver: chrome on WINDOWS (6fcee3f415f2ec2dcf1a56f3d19995b6)] -> xpath: //button[normalize-space()='Login']]
2023-05-23 09:05:499 INFO  HomePage :44 - Click on Admin link [[ChromeDriver: chrome on WINDOWS (6fcee3f415f2ec2dcf1a56f3d19995b6)] -> link text: Admin]
2023-05-23 09:05:727 INFO  ViewSystemUserPage :57 -  Get System users text [[ChromeDriver: chrome on WINDOWS (6fcee3f415f2ec2dcf1a56f3d19995b6)] -> xpath: //h5[normalize-space()='System Users']]
2023-05-23 09:05:133 INFO  ViewSystemUserPage :97 - Click on add button  [[ChromeDriver: chrome on WINDOWS (6fcee3f415f2ec2dcf1a56f3d19995b6)] -> xpath: //button[normalize-space()='Add']]
2023-05-23 09:05:339 INFO  AddUserPage :63 - Get Add User text [[ChromeDriver: chrome on WINDOWS (6fcee3f415f2ec2dcf1a56f3d19995b6)] -> xpath: //h6[normalize-space()='Add User']]
2023-05-23 09:05:418 INFO  AddUserPage :74 - Click on User Role dropdown [[ChromeDriver: chrome on WINDOWS (6fcee3f415f2ec2dcf1a56f3d19995b6)] -> xpath: (//div[contains(text(),'-- Select --')])[1]]
2023-05-23 09:05:963 INFO  AddUserPage :76 - Click on User Role Admin [[ChromeDriver: chrome on WINDOWS (6fcee3f415f2ec2dcf1a56f3d19995b6)] -> link text: Admin]
2023-05-23 09:05:232 INFO  AddUserPage :81 - Enter Employee name ajay rohit
2023-05-23 09:05:304 INFO  AddUserPage :86 - Enter Username prime321
2023-05-23 10:05:707 INFO  LoginPage :40 - Enter user name [[ChromeDriver: chrome on WINDOWS (5880da6d9a3b4ac086e699f4fa6fff08)] -> xpath: //input[@placeholder='Username']]
2023-05-23 10:05:850 INFO  LoginPage :45 - Enter password [[ChromeDriver: chrome on WINDOWS (5880da6d9a3b4ac086e699f4fa6fff08)] -> xpath: //input[@placeholder='Password']]
2023-05-23 10:05:368 INFO  LoginPage :50 - Click on Login Button [[ChromeDriver: chrome on WINDOWS (5880da6d9a3b4ac086e699f4fa6fff08)] -> xpath: //button[normalize-space()='Login']]
2023-05-23 10:05:961 INFO  HomePage :44 - Click on Admin link [[ChromeDriver: chrome on WINDOWS (5880da6d9a3b4ac086e699f4fa6fff08)] -> link text: Admin]
2023-05-23 10:05:262 INFO  ViewSystemUserPage :57 -  Get System users text [[ChromeDriver: chrome on WINDOWS (5880da6d9a3b4ac086e699f4fa6fff08)] -> xpath: //h5[normalize-space()='System Users']]
2023-05-23 10:05:418 INFO  AddUserPage :86 - Enter Username Admin
2023-05-23 10:05:505 INFO  AddUserPage :74 - Click on User Role dropdown [[ChromeDriver: chrome on WINDOWS (5880da6d9a3b4ac086e699f4fa6fff08)] -> xpath: //div[contains(text(),'-- Select --')]]
2023-05-23 10:05:225 INFO  AddUserPage :76 - Click on User Role Admin [[ChromeDriver: chrome on WINDOWS (5880da6d9a3b4ac086e699f4fa6fff08)] -> link text: Admin]
2023-05-23 10:05:601 INFO  LoginPage :40 - Enter user name [[ChromeDriver: chrome on WINDOWS (439f1851a03d6c7e3e6b22334e96c88a)] -> xpath: //input[@placeholder='Username']]
2023-05-23 10:05:739 INFO  LoginPage :45 - Enter password [[ChromeDriver: chrome on WINDOWS (439f1851a03d6c7e3e6b22334e96c88a)] -> xpath: //input[@placeholder='Password']]
2023-05-23 10:05:757 INFO  LoginPage :50 - Click on Login Button [[ChromeDriver: chrome on WINDOWS (439f1851a03d6c7e3e6b22334e96c88a)] -> xpath: //button[normalize-space()='Login']]
2023-05-23 10:05:589 INFO  HomePage :44 - Click on Admin link [[ChromeDriver: chrome on WINDOWS (439f1851a03d6c7e3e6b22334e96c88a)] -> link text: Admin]
2023-05-23 10:05:08 INFO  ViewSystemUserPage :57 -  Get System users text [[ChromeDriver: chrome on WINDOWS (439f1851a03d6c7e3e6b22334e96c88a)] -> xpath: //h5[normalize-space()='System Users']]
2023-05-23 10:05:194 INFO  AddUserPage :86 - Enter Username Admin
2023-05-23 10:05:276 INFO  AddUserPage :74 - Click on User Role dropdown [[ChromeDriver: chrome on WINDOWS (439f1851a03d6c7e3e6b22334e96c88a)] -> xpath: //div[contains(text(),'-- Select --')]]
2023-05-23 10:05:190 INFO  AddUserPage :76 - Click on User Role Admin [[ChromeDriver: chrome on WINDOWS (439f1851a03d6c7e3e6b22334e96c88a)] -> link text: Admin]
2023-05-23 10:05:689 INFO  AddUserPage :100 - Click on Status dropdown [[ChromeDriver: chrome on WINDOWS (439f1851a03d6c7e3e6b22334e96c88a)] -> xpath: (//div[contains(text(),'-- Select --')])[2]]
2023-05-23 10:05:751 INFO  AddUserPage :102 -  Click on Status Enable [[ChromeDriver: chrome on WINDOWS (439f1851a03d6c7e3e6b22334e96c88a)] -> css selector: div:nth-child(4) div:nth-child(1) div:nth-child(2) div:nth-child(1) div:nth-child(1) div:nth-child(1)]
2023-05-23 10:05:826 INFO  ViewSystemUserPage :87 -  Click on Search Button [[ChromeDriver: chrome on WINDOWS (439f1851a03d6c7e3e6b22334e96c88a)] -> xpath: //button[normalize-space()='Search']]
2023-05-23 10:05:923 INFO  ViewSystemUserPage :106 -  Get result List text [[ChromeDriver: chrome on WINDOWS (439f1851a03d6c7e3e6b22334e96c88a)] -> xpath: (//div[@role='row'])[2]]
2023-05-23 10:05:806 INFO  LoginPage :40 - Enter user name [[ChromeDriver: chrome on WINDOWS (972fed49764452852a5b7aa085963342)] -> xpath: //input[@placeholder='Username']]
2023-05-23 10:05:936 INFO  LoginPage :45 - Enter password [[ChromeDriver: chrome on WINDOWS (972fed49764452852a5b7aa085963342)] -> xpath: //input[@placeholder='Password']]
2023-05-23 10:05:14 INFO  LoginPage :50 - Click on Login Button [[ChromeDriver: chrome on WINDOWS (972fed49764452852a5b7aa085963342)] -> xpath: //button[normalize-space()='Login']]
2023-05-23 10:05:757 INFO  HomePage :44 - Click on Admin link [[ChromeDriver: chrome on WINDOWS (972fed49764452852a5b7aa085963342)] -> link text: Admin]
2023-05-23 10:05:173 INFO  ViewSystemUserPage :57 -  Get System users text [[ChromeDriver: chrome on WINDOWS (972fed49764452852a5b7aa085963342)] -> xpath: //h5[normalize-space()='System Users']]
2023-05-23 10:05:320 INFO  AddUserPage :86 - Enter Username Admin
2023-05-23 10:05:398 INFO  AddUserPage :74 - Click on User Role dropdown [[ChromeDriver: chrome on WINDOWS (972fed49764452852a5b7aa085963342)] -> xpath: //div[contains(text(),'-- Select --')]]
2023-05-23 10:05:158 INFO  AddUserPage :76 - Click on User Role Admin [[ChromeDriver: chrome on WINDOWS (972fed49764452852a5b7aa085963342)] -> link text: Admin]
2023-05-23 10:05:665 INFO  AddUserPage :100 - Click on Status dropdown [[ChromeDriver: chrome on WINDOWS (972fed49764452852a5b7aa085963342)] -> xpath: (//div[contains(text(),'-- Select --')])[2]]
2023-05-23 10:05:731 INFO  AddUserPage :102 -  Click on Status Enable [[ChromeDriver: chrome on WINDOWS (972fed49764452852a5b7aa085963342)] -> css selector: div:nth-child(4) div:nth-child(1) div:nth-child(2) div:nth-child(1) div:nth-child(1) div:nth-child(1)]
2023-05-23 10:05:804 INFO  ViewSystemUserPage :87 -  Click on Search Button [[ChromeDriver: chrome on WINDOWS (972fed49764452852a5b7aa085963342)] -> xpath: //button[normalize-space()='Search']]
2023-05-23 10:05:837 INFO  ViewSystemUserPage :106 -  Get result List text [[ChromeDriver: chrome on WINDOWS (972fed49764452852a5b7aa085963342)] -> xpath: (//div[@class='oxd-table-card'])]
2023-05-23 11:05:605 INFO  LoginPage :40 - Enter user name [[ChromeDriver: chrome on WINDOWS (c9633f3baf331babf12ed3a5c78c4da0)] -> xpath: //input[@placeholder='Username']]
2023-05-23 11:05:744 INFO  LoginPage :45 - Enter password [[ChromeDriver: chrome on WINDOWS (c9633f3baf331babf12ed3a5c78c4da0)] -> xpath: //input[@placeholder='Password']]
2023-05-23 11:05:907 INFO  LoginPage :50 - Click on Login Button [[ChromeDriver: chrome on WINDOWS (c9633f3baf331babf12ed3a5c78c4da0)] -> xpath: //button[normalize-space()='Login']]
2023-05-23 11:05:444 INFO  HomePage :44 - Click on Admin link [[ChromeDriver: chrome on WINDOWS (c9633f3baf331babf12ed3a5c78c4da0)] -> link text: Admin]
2023-05-23 11:05:881 INFO  ViewSystemUserPage :57 -  Get System users text [[ChromeDriver: chrome on WINDOWS (c9633f3baf331babf12ed3a5c78c4da0)] -> xpath: //h5[normalize-space()='System Users']]
2023-05-23 11:05:298 INFO  ViewSystemUserPage :97 - Click on add button  [[ChromeDriver: chrome on WINDOWS (c9633f3baf331babf12ed3a5c78c4da0)] -> xpath: //button[normalize-space()='Add']]
2023-05-23 11:05:645 INFO  AddUserPage :63 - Get Add User text [[ChromeDriver: chrome on WINDOWS (c9633f3baf331babf12ed3a5c78c4da0)] -> xpath: //h6[normalize-space()='Add User']]
2023-05-23 11:05:756 INFO  AddUserPage :74 - Click on User Role dropdown [[ChromeDriver: chrome on WINDOWS (c9633f3baf331babf12ed3a5c78c4da0)] -> xpath: //div[contains(text(),'-- Select --')]]
2023-05-23 11:05:466 INFO  AddUserPage :76 - Click on User Role Admin [[ChromeDriver: chrome on WINDOWS (c9633f3baf331babf12ed3a5c78c4da0)] -> link text: Admin]
2023-05-23 11:05:990 INFO  AddUserPage :81 - Enter Employee name Odis Adalwin
2023-05-23 11:05:100 INFO  AddUserPage :86 - Enter Username [[ChromeDriver: chrome on WINDOWS (c9633f3baf331babf12ed3a5c78c4da0)] -> xpath: (//input[@class='oxd-input oxd-input--active'])[2]]
2023-05-23 11:05:209 INFO  AddUserPage :100 - Click on Status dropdown [[ChromeDriver: chrome on WINDOWS (c9633f3baf331babf12ed3a5c78c4da0)] -> xpath: (//div[contains(text(),'-- Select --')])[2]]
2023-05-23 11:05:268 INFO  AddUserPage :102 -  Click on Status Enable [[ChromeDriver: chrome on WINDOWS (c9633f3baf331babf12ed3a5c78c4da0)] -> css selector: div:nth-child(4) div:nth-child(1) div:nth-child(2) div:nth-child(1) div:nth-child(1) div:nth-child(1)]
2023-05-23 11:05:768 INFO  LoginPage :40 - Enter user name [[ChromeDriver: chrome on WINDOWS (14ed11ba78e9d5b2c8d3bb5c0f2154e7)] -> xpath: //input[@placeholder='Username']]
2023-05-23 11:05:919 INFO  LoginPage :45 - Enter password [[ChromeDriver: chrome on WINDOWS (14ed11ba78e9d5b2c8d3bb5c0f2154e7)] -> xpath: //input[@placeholder='Password']]
2023-05-23 11:05:218 INFO  LoginPage :50 - Click on Login Button [[ChromeDriver: chrome on WINDOWS (14ed11ba78e9d5b2c8d3bb5c0f2154e7)] -> xpath: //button[normalize-space()='Login']]
2023-05-23 11:05:79 INFO  HomePage :44 - Click on Admin link [[ChromeDriver: chrome on WINDOWS (14ed11ba78e9d5b2c8d3bb5c0f2154e7)] -> link text: Admin]
2023-05-23 11:05:444 INFO  ViewSystemUserPage :57 -  Get System users text [[ChromeDriver: chrome on WINDOWS (14ed11ba78e9d5b2c8d3bb5c0f2154e7)] -> xpath: //h5[normalize-space()='System Users']]
2023-05-23 11:05:928 INFO  ViewSystemUserPage :97 - Click on add button  [[ChromeDriver: chrome on WINDOWS (14ed11ba78e9d5b2c8d3bb5c0f2154e7)] -> xpath: //button[normalize-space()='Add']]
2023-05-23 11:05:281 INFO  AddUserPage :63 - Get Add User text [[ChromeDriver: chrome on WINDOWS (14ed11ba78e9d5b2c8d3bb5c0f2154e7)] -> xpath: //h6[normalize-space()='Add User']]
2023-05-23 11:05:397 INFO  AddUserPage :74 - Click on User Role dropdown [[ChromeDriver: chrome on WINDOWS (14ed11ba78e9d5b2c8d3bb5c0f2154e7)] -> xpath: //div[contains(text(),'-- Select --')]]
2023-05-23 11:05:391 INFO  AddUserPage :76 - Click on User Role Admin [[ChromeDriver: chrome on WINDOWS (14ed11ba78e9d5b2c8d3bb5c0f2154e7)] -> link text: Admin]
2023-05-23 11:05:833 INFO  AddUserPage :81 - Enter Employee name Peter Gangoli
2023-05-23 11:05:947 INFO  AddUserPage :86 - Enter Username [[ChromeDriver: chrome on WINDOWS (14ed11ba78e9d5b2c8d3bb5c0f2154e7)] -> xpath: (//input[@class='oxd-input oxd-input--active'])[2]]
2023-05-23 11:05:28 INFO  AddUserPage :100 - Click on Status dropdown [[ChromeDriver: chrome on WINDOWS (14ed11ba78e9d5b2c8d3bb5c0f2154e7)] -> xpath: (//div[contains(text(),'-- Select --')])[2]]
2023-05-23 11:05:119 INFO  AddUserPage :102 -  Click on Status Enable [[ChromeDriver: chrome on WINDOWS (14ed11ba78e9d5b2c8d3bb5c0f2154e7)] -> css selector: div:nth-child(4) div:nth-child(1) div:nth-child(2) div:nth-child(1) div:nth-child(1) div:nth-child(1)]
2023-05-23 11:05:116 INFO  LoginPage :40 - Enter user name [[ChromeDriver: chrome on WINDOWS (bd53b39f40f9f4cd20464b457f8728c5)] -> xpath: //input[@placeholder='Username']]
2023-05-23 11:05:257 INFO  LoginPage :45 - Enter password [[ChromeDriver: chrome on WINDOWS (bd53b39f40f9f4cd20464b457f8728c5)] -> xpath: //input[@placeholder='Password']]
2023-05-23 11:05:329 INFO  LoginPage :50 - Click on Login Button [[ChromeDriver: chrome on WINDOWS (bd53b39f40f9f4cd20464b457f8728c5)] -> xpath: //button[normalize-space()='Login']]
2023-05-23 11:05:859 INFO  HomePage :44 - Click on Admin link [[ChromeDriver: chrome on WINDOWS (bd53b39f40f9f4cd20464b457f8728c5)] -> link text: Admin]
2023-05-23 11:05:104 INFO  ViewSystemUserPage :57 -  Get System users text [[ChromeDriver: chrome on WINDOWS (bd53b39f40f9f4cd20464b457f8728c5)] -> xpath: //h5[normalize-space()='System Users']]
2023-05-23 11:05:561 INFO  ViewSystemUserPage :97 - Click on add button  [[ChromeDriver: chrome on WINDOWS (bd53b39f40f9f4cd20464b457f8728c5)] -> xpath: //button[normalize-space()='Add']]
2023-05-23 11:05:975 INFO  AddUserPage :63 - Get Add User text [[ChromeDriver: chrome on WINDOWS (bd53b39f40f9f4cd20464b457f8728c5)] -> xpath: //h6[normalize-space()='Add User']]
2023-05-23 11:05:91 INFO  AddUserPage :74 - Click on User Role dropdown [[ChromeDriver: chrome on WINDOWS (bd53b39f40f9f4cd20464b457f8728c5)] -> xpath: //div[contains(text(),'-- Select --')]]
2023-05-23 11:05:698 INFO  AddUserPage :76 - Click on User Role Admin [[ChromeDriver: chrome on WINDOWS (bd53b39f40f9f4cd20464b457f8728c5)] -> link text: Admin]
2023-05-23 11:05:49 INFO  AddUserPage :81 - Enter Employee name Peter Gangoli
2023-05-23 11:05:232 INFO  AddUserPage :86 - Enter Username [[ChromeDriver: chrome on WINDOWS (bd53b39f40f9f4cd20464b457f8728c5)] -> xpath: (//input[@class='oxd-input oxd-input--active'])[2]]
2023-05-23 11:05:311 INFO  AddUserPage :100 - Click on Status dropdown [[ChromeDriver: chrome on WINDOWS (bd53b39f40f9f4cd20464b457f8728c5)] -> xpath: (//div[contains(text(),'-- Select --')])[2]]
2023-05-23 11:05:376 INFO  AddUserPage :102 -  Click on Status Enable [[ChromeDriver: chrome on WINDOWS (bd53b39f40f9f4cd20464b457f8728c5)] -> xpath: //div[contains(text(),'Enabled')]]
2023-05-23 11:05:569 INFO  LoginPage :40 - Enter user name [[ChromeDriver: chrome on WINDOWS (47225be08886f98bd86c3d947036484e)] -> xpath: //input[@placeholder='Username']]
2023-05-23 11:05:721 INFO  LoginPage :45 - Enter password [[ChromeDriver: chrome on WINDOWS (47225be08886f98bd86c3d947036484e)] -> xpath: //input[@placeholder='Password']]
2023-05-23 11:05:838 INFO  LoginPage :50 - Click on Login Button [[ChromeDriver: chrome on WINDOWS (47225be08886f98bd86c3d947036484e)] -> xpath: //button[normalize-space()='Login']]
2023-05-23 11:05:949 INFO  HomePage :44 - Click on Admin link [[ChromeDriver: chrome on WINDOWS (47225be08886f98bd86c3d947036484e)] -> link text: Admin]
2023-05-23 11:05:353 INFO  ViewSystemUserPage :57 -  Get System users text [[ChromeDriver: chrome on WINDOWS (47225be08886f98bd86c3d947036484e)] -> xpath: //h5[normalize-space()='System Users']]
2023-05-23 11:05:782 INFO  ViewSystemUserPage :97 - Click on add button  [[ChromeDriver: chrome on WINDOWS (47225be08886f98bd86c3d947036484e)] -> xpath: //button[normalize-space()='Add']]
2023-05-23 11:05:54 INFO  AddUserPage :63 - Get Add User text [[ChromeDriver: chrome on WINDOWS (47225be08886f98bd86c3d947036484e)] -> xpath: //h6[normalize-space()='Add User']]
2023-05-23 11:05:143 INFO  AddUserPage :74 - Click on User Role dropdown [[ChromeDriver: chrome on WINDOWS (47225be08886f98bd86c3d947036484e)] -> xpath: //div[contains(text(),'-- Select --')]]
2023-05-23 11:05:727 INFO  AddUserPage :76 - Click on User Role Admin [[ChromeDriver: chrome on WINDOWS (47225be08886f98bd86c3d947036484e)] -> link text: Admin]
2023-05-23 11:05:197 INFO  AddUserPage :81 - Enter Employee name abcrushirushiAdityajr vv
2023-05-23 11:05:341 INFO  AddUserPage :86 - Enter Username [[ChromeDriver: chrome on WINDOWS (47225be08886f98bd86c3d947036484e)] -> xpath: (//input[@class='oxd-input oxd-input--active'])[2]]
2023-05-23 11:05:457 INFO  AddUserPage :100 - Click on Status dropdown [[ChromeDriver: chrome on WINDOWS (47225be08886f98bd86c3d947036484e)] -> xpath: (//div[contains(text(),'-- Select --')])[2]]
2023-05-23 11:05:521 INFO  AddUserPage :102 -  Click on Status Enable [[ChromeDriver: chrome on WINDOWS (47225be08886f98bd86c3d947036484e)] -> xpath: //div[contains(text(),'Enabled')]]
2023-05-23 11:05:98 INFO  LoginPage :40 - Enter user name [[ChromeDriver: chrome on WINDOWS (34130218f993e124364a1fa493b74bda)] -> xpath: //input[@placeholder='Username']]
2023-05-23 11:05:227 INFO  LoginPage :45 - Enter password [[ChromeDriver: chrome on WINDOWS (34130218f993e124364a1fa493b74bda)] -> xpath: //input[@placeholder='Password']]
2023-05-23 11:05:429 INFO  LoginPage :50 - Click on Login Button [[ChromeDriver: chrome on WINDOWS (34130218f993e124364a1fa493b74bda)] -> xpath: //button[normalize-space()='Login']]
2023-05-23 11:05:760 INFO  HomePage :44 - Click on Admin link [[ChromeDriver: chrome on WINDOWS (34130218f993e124364a1fa493b74bda)] -> link text: Admin]
2023-05-23 11:05:42 INFO  ViewSystemUserPage :57 -  Get System users text [[ChromeDriver: chrome on WINDOWS (34130218f993e124364a1fa493b74bda)] -> xpath: //h5[normalize-space()='System Users']]
2023-05-23 11:05:470 INFO  ViewSystemUserPage :97 - Click on add button  [[ChromeDriver: chrome on WINDOWS (34130218f993e124364a1fa493b74bda)] -> xpath: //button[normalize-space()='Add']]
2023-05-23 11:05:844 INFO  AddUserPage :63 - Get Add User text [[ChromeDriver: chrome on WINDOWS (34130218f993e124364a1fa493b74bda)] -> xpath: //h6[normalize-space()='Add User']]
2023-05-23 11:05:937 INFO  AddUserPage :74 - Click on User Role dropdown [[ChromeDriver: chrome on WINDOWS (34130218f993e124364a1fa493b74bda)] -> xpath: //div[contains(text(),'-- Select --')]]
2023-05-23 11:05:656 INFO  AddUserPage :76 - Click on User Role Admin [[ChromeDriver: chrome on WINDOWS (34130218f993e124364a1fa493b74bda)] -> link text: Admin]
2023-05-23 11:05:167 INFO  AddUserPage :81 - Enter Employee name ABCDEFG aaa
2023-05-23 11:05:320 INFO  AddUserPage :86 - Enter Username [[ChromeDriver: chrome on WINDOWS (34130218f993e124364a1fa493b74bda)] -> xpath: (//input[@class='oxd-input oxd-input--active'])[2]]
2023-05-23 11:05:439 INFO  AddUserPage :100 - Click on Status dropdown [[ChromeDriver: chrome on WINDOWS (34130218f993e124364a1fa493b74bda)] -> xpath: (//div[contains(text(),'-- Select --')])[2]]
2023-05-23 11:05:505 INFO  AddUserPage :102 -  Click on Status Enable [[ChromeDriver: chrome on WINDOWS (34130218f993e124364a1fa493b74bda)] -> xpath: //div[contains(text(),'Enabled')]]
2023-05-23 11:05:733 INFO  LoginPage :40 - Enter user name [[ChromeDriver: chrome on WINDOWS (5fd937b1c582734daa4d1c92061da0f6)] -> xpath: //input[@placeholder='Username']]
2023-05-23 11:05:870 INFO  LoginPage :45 - Enter password [[ChromeDriver: chrome on WINDOWS (5fd937b1c582734daa4d1c92061da0f6)] -> xpath: //input[@placeholder='Password']]
2023-05-23 11:05:190 INFO  LoginPage :50 - Click on Login Button [[ChromeDriver: chrome on WINDOWS (5fd937b1c582734daa4d1c92061da0f6)] -> xpath: //button[normalize-space()='Login']]
2023-05-23 11:05:982 INFO  HomePage :44 - Click on Admin link [[ChromeDriver: chrome on WINDOWS (5fd937b1c582734daa4d1c92061da0f6)] -> link text: Admin]
2023-05-23 11:05:426 INFO  ViewSystemUserPage :57 -  Get System users text [[ChromeDriver: chrome on WINDOWS (5fd937b1c582734daa4d1c92061da0f6)] -> xpath: //h5[normalize-space()='System Users']]
2023-05-23 11:05:925 INFO  ViewSystemUserPage :97 - Click on add button  [[ChromeDriver: chrome on WINDOWS (5fd937b1c582734daa4d1c92061da0f6)] -> xpath: //button[normalize-space()='Add']]
2023-05-23 11:05:225 INFO  AddUserPage :63 - Get Add User text [[ChromeDriver: chrome on WINDOWS (5fd937b1c582734daa4d1c92061da0f6)] -> xpath: //h6[normalize-space()='Add User']]
2023-05-23 11:05:323 INFO  AddUserPage :74 - Click on User Role dropdown [[ChromeDriver: chrome on WINDOWS (5fd937b1c582734daa4d1c92061da0f6)] -> xpath: //div[contains(text(),'-- Select --')]]
2023-05-23 11:05:34 INFO  AddUserPage :76 - Click on User Role Admin [[ChromeDriver: chrome on WINDOWS (5fd937b1c582734daa4d1c92061da0f6)] -> link text: Admin]
2023-05-23 11:05:548 INFO  AddUserPage :81 - Enter Employee name Titus  Gislason
2023-05-23 11:05:686 INFO  AddUserPage :86 - Enter Username [[ChromeDriver: chrome on WINDOWS (5fd937b1c582734daa4d1c92061da0f6)] -> xpath: (//input[@class='oxd-input oxd-input--active'])[2]]
2023-05-23 11:05:808 INFO  AddUserPage :100 - Click on Status dropdown [[ChromeDriver: chrome on WINDOWS (5fd937b1c582734daa4d1c92061da0f6)] -> xpath: (//div[contains(text(),'-- Select --')])[2]]
2023-05-23 11:05:871 INFO  AddUserPage :102 -  Click on Status Enable [[ChromeDriver: chrome on WINDOWS (5fd937b1c582734daa4d1c92061da0f6)] -> xpath: //div[contains(text(),'Enabled')]]
2023-05-23 13:05:51 INFO  LoginPage :40 - Enter user name [[ChromeDriver: chrome on WINDOWS (21b55ea172929983848975749c4b21ce)] -> xpath: //input[@placeholder='Username']]
2023-05-23 13:05:144 INFO  LoginPage :45 - Enter password [[ChromeDriver: chrome on WINDOWS (21b55ea172929983848975749c4b21ce)] -> xpath: //input[@placeholder='Password']]
2023-05-23 13:05:53 INFO  LoginPage :50 - Click on Login Button [[ChromeDriver: chrome on WINDOWS (21b55ea172929983848975749c4b21ce)] -> xpath: //button[normalize-space()='Login']]
2023-05-23 13:05:542 INFO  HomePage :44 - Click on Admin link [[ChromeDriver: chrome on WINDOWS (21b55ea172929983848975749c4b21ce)] -> link text: Admin]
2023-05-23 13:05:792 INFO  ViewSystemUserPage :65 -  Get System users text [[ChromeDriver: chrome on WINDOWS (21b55ea172929983848975749c4b21ce)] -> xpath: //h5[normalize-space()='System Users']]
2023-05-23 13:05:951 INFO  AddUserPage :86 - Enter Username [[ChromeDriver: chrome on WINDOWS (21b55ea172929983848975749c4b21ce)] -> xpath: (//input[@class='oxd-input oxd-input--active'])[2]]
2023-05-23 13:05:94 INFO  AddUserPage :74 - Click on User Role dropdown [[ChromeDriver: chrome on WINDOWS (21b55ea172929983848975749c4b21ce)] -> xpath: //div[contains(text(),'-- Select --')]]
2023-05-23 13:05:634 INFO  AddUserPage :76 - Click on User Role Admin [[ChromeDriver: chrome on WINDOWS (21b55ea172929983848975749c4b21ce)] -> link text: Admin]
2023-05-23 13:05:915 INFO  AddUserPage :99 - Click on Status dropdown [[ChromeDriver: chrome on WINDOWS (21b55ea172929983848975749c4b21ce)] -> xpath: (//div[contains(text(),'-- Select --')])[2]]
2023-05-23 13:05:169 INFO  AddUserPage :105 - Click on status Disable [[ChromeDriver: chrome on WINDOWS (21b55ea172929983848975749c4b21ce)] -> xpath: //div[contains(text(),'Disabled')]]
2023-05-23 13:05:246 INFO  ViewSystemUserPage :95 -  Click on Search Button [[ChromeDriver: chrome on WINDOWS (21b55ea172929983848975749c4b21ce)] -> xpath: //button[normalize-space()='Search']]
2023-05-23 13:05:464 INFO  ViewSystemUserPage :114 -  Get result List text [[ChromeDriver: chrome on WINDOWS (21b55ea172929983848975749c4b21ce)] -> xpath: (//div[@class='oxd-table-card'])]
2023-05-23 13:05:575 INFO  ViewSystemUserPage :125 -  Click on Checkbox [[ChromeDriver: chrome on WINDOWS (21b55ea172929983848975749c4b21ce)] -> xpath: //div[@role='columnheader']//i[@class='oxd-icon bi-check oxd-checkbox-input-icon']]
2023-05-23 13:05:657 INFO  ViewSystemUserPage :110 -  Click on Delete Button [[ChromeDriver: chrome on WINDOWS (21b55ea172929983848975749c4b21ce)] -> xpath: //i[@class='oxd-icon bi-trash']]
2023-05-23 13:05:785 INFO  LoginPage :40 - Enter user name [[ChromeDriver: chrome on WINDOWS (094891552f3717689ffcf326249af111)] -> xpath: //input[@placeholder='Username']]
2023-05-23 13:05:885 INFO  LoginPage :45 - Enter password [[ChromeDriver: chrome on WINDOWS (094891552f3717689ffcf326249af111)] -> xpath: //input[@placeholder='Password']]
2023-05-23 13:05:910 INFO  LoginPage :50 - Click on Login Button [[ChromeDriver: chrome on WINDOWS (094891552f3717689ffcf326249af111)] -> xpath: //button[normalize-space()='Login']]
2023-05-23 13:05:824 INFO  HomePage :44 - Click on Admin link [[ChromeDriver: chrome on WINDOWS (094891552f3717689ffcf326249af111)] -> link text: Admin]
2023-05-23 13:05:83 INFO  ViewSystemUserPage :65 -  Get System users text [[ChromeDriver: chrome on WINDOWS (094891552f3717689ffcf326249af111)] -> xpath: //h5[normalize-space()='System Users']]
2023-05-23 13:05:323 INFO  AddUserPage :86 - Enter Username [[ChromeDriver: chrome on WINDOWS (094891552f3717689ffcf326249af111)] -> xpath: (//input[@class='oxd-input oxd-input--active'])[2]]
2023-05-23 13:05:410 INFO  AddUserPage :74 - Click on User Role dropdown [[ChromeDriver: chrome on WINDOWS (094891552f3717689ffcf326249af111)] -> xpath: //div[contains(text(),'-- Select --')]]
2023-05-23 13:05:920 INFO  AddUserPage :76 - Click on User Role Admin [[ChromeDriver: chrome on WINDOWS (094891552f3717689ffcf326249af111)] -> link text: Admin]
2023-05-23 13:05:196 INFO  AddUserPage :99 - Click on Status dropdown [[ChromeDriver: chrome on WINDOWS (094891552f3717689ffcf326249af111)] -> xpath: (//div[contains(text(),'-- Select --')])[2]]
2023-05-23 13:05:663 INFO  LoginPage :40 - Enter user name [[ChromeDriver: chrome on WINDOWS (1cac99cef5e946470ffa93ceadd0cc2b)] -> xpath: //input[@placeholder='Username']]
2023-05-23 13:05:771 INFO  LoginPage :45 - Enter password [[ChromeDriver: chrome on WINDOWS (1cac99cef5e946470ffa93ceadd0cc2b)] -> xpath: //input[@placeholder='Password']]
2023-05-23 13:05:735 INFO  LoginPage :50 - Click on Login Button [[ChromeDriver: chrome on WINDOWS (1cac99cef5e946470ffa93ceadd0cc2b)] -> xpath: //button[normalize-space()='Login']]
2023-05-23 13:05:147 INFO  HomePage :44 - Click on Admin link [[ChromeDriver: chrome on WINDOWS (1cac99cef5e946470ffa93ceadd0cc2b)] -> link text: Admin]
2023-05-23 13:05:438 INFO  ViewSystemUserPage :65 -  Get System users text [[ChromeDriver: chrome on WINDOWS (1cac99cef5e946470ffa93ceadd0cc2b)] -> xpath: //h5[normalize-space()='System Users']]
2023-05-23 13:05:919 INFO  ViewSystemUserPage :105 - Click on add button  [[ChromeDriver: chrome on WINDOWS (1cac99cef5e946470ffa93ceadd0cc2b)] -> xpath: //button[normalize-space()='Add']]
2023-05-23 13:05:122 INFO  AddUserPage :63 - Get Add User text [[ChromeDriver: chrome on WINDOWS (1cac99cef5e946470ffa93ceadd0cc2b)] -> xpath: //h6[normalize-space()='Add User']]
2023-05-23 13:05:234 INFO  AddUserPage :74 - Click on User Role dropdown [[ChromeDriver: chrome on WINDOWS (1cac99cef5e946470ffa93ceadd0cc2b)] -> xpath: //div[contains(text(),'-- Select --')]]
2023-05-23 13:05:771 INFO  AddUserPage :76 - Click on User Role Admin [[ChromeDriver: chrome on WINDOWS (1cac99cef5e946470ffa93ceadd0cc2b)] -> link text: Admin]
2023-05-23 13:05:65 INFO  AddUserPage :81 - Enter Employee name Alice Duval
2023-05-23 13:05:147 INFO  AddUserPage :86 - Enter Username [[ChromeDriver: chrome on WINDOWS (1cac99cef5e946470ffa93ceadd0cc2b)] -> xpath: (//input[@class='oxd-input oxd-input--active'])[2]]
2023-05-23 13:05:267 INFO  AddUserPage :99 - Click on Status dropdown [[ChromeDriver: chrome on WINDOWS (1cac99cef5e946470ffa93ceadd0cc2b)] -> xpath: (//div[contains(text(),'-- Select --')])[2]]
2023-05-23 13:05:345 INFO  AddUserPage :105 - Click on status Disable [[ChromeDriver: chrome on WINDOWS (1cac99cef5e946470ffa93ceadd0cc2b)] -> xpath: //div[contains(text(),'Disabled')]]
2023-05-23 13:05:234 INFO  LoginPage :40 - Enter user name [[ChromeDriver: chrome on WINDOWS (ebcacf6395188df813c332d677555d4a)] -> xpath: //input[@placeholder='Username']]
2023-05-23 13:05:344 INFO  LoginPage :45 - Enter password [[ChromeDriver: chrome on WINDOWS (ebcacf6395188df813c332d677555d4a)] -> xpath: //input[@placeholder='Password']]
2023-05-23 13:05:403 INFO  LoginPage :50 - Click on Login Button [[ChromeDriver: chrome on WINDOWS (ebcacf6395188df813c332d677555d4a)] -> xpath: //button[normalize-space()='Login']]
2023-05-23 13:05:565 INFO  HomePage :44 - Click on Admin link [[ChromeDriver: chrome on WINDOWS (ebcacf6395188df813c332d677555d4a)] -> link text: Admin]
2023-05-23 13:05:786 INFO  ViewSystemUserPage :65 -  Get System users text [[ChromeDriver: chrome on WINDOWS (ebcacf6395188df813c332d677555d4a)] -> xpath: //h5[normalize-space()='System Users']]
2023-05-23 13:05:883 INFO  AddUserPage :86 - Enter Username [[ChromeDriver: chrome on WINDOWS (ebcacf6395188df813c332d677555d4a)] -> xpath: (//input[@class='oxd-input oxd-input--active'])[2]]
2023-05-23 13:05:937 INFO  AddUserPage :74 - Click on User Role dropdown [[ChromeDriver: chrome on WINDOWS (ebcacf6395188df813c332d677555d4a)] -> xpath: //div[contains(text(),'-- Select --')]]
2023-05-23 13:05:479 INFO  AddUserPage :76 - Click on User Role Admin [[ChromeDriver: chrome on WINDOWS (ebcacf6395188df813c332d677555d4a)] -> link text: Admin]
2023-05-23 13:05:778 INFO  AddUserPage :99 - Click on Status dropdown [[ChromeDriver: chrome on WINDOWS (ebcacf6395188df813c332d677555d4a)] -> xpath: (//div[contains(text(),'-- Select --')])[2]]
2023-05-23 13:05:801 INFO  LoginPage :40 - Enter user name [[ChromeDriver: chrome on WINDOWS (26f6f71e7d0e61f5f6330c2b7bb6a9c2)] -> xpath: //input[@placeholder='Username']]
2023-05-23 13:05:907 INFO  LoginPage :45 - Enter password [[ChromeDriver: chrome on WINDOWS (26f6f71e7d0e61f5f6330c2b7bb6a9c2)] -> xpath: //input[@placeholder='Password']]
2023-05-23 13:05:910 INFO  LoginPage :50 - Click on Login Button [[ChromeDriver: chrome on WINDOWS (26f6f71e7d0e61f5f6330c2b7bb6a9c2)] -> xpath: //button[normalize-space()='Login']]
2023-05-23 13:05:213 INFO  HomePage :44 - Click on Admin link [[ChromeDriver: chrome on WINDOWS (26f6f71e7d0e61f5f6330c2b7bb6a9c2)] -> link text: Admin]
2023-05-23 13:05:481 INFO  ViewSystemUserPage :65 -  Get System users text [[ChromeDriver: chrome on WINDOWS (26f6f71e7d0e61f5f6330c2b7bb6a9c2)] -> xpath: //h5[normalize-space()='System Users']]
2023-05-23 13:05:629 INFO  AddUserPage :86 - Enter Username [[ChromeDriver: chrome on WINDOWS (26f6f71e7d0e61f5f6330c2b7bb6a9c2)] -> xpath: (//input[@class='oxd-input oxd-input--active'])[2]]
2023-05-23 13:05:741 INFO  AddUserPage :74 - Click on User Role dropdown [[ChromeDriver: chrome on WINDOWS (26f6f71e7d0e61f5f6330c2b7bb6a9c2)] -> xpath: //div[contains(text(),'-- Select --')]]
2023-05-23 13:05:244 INFO  AddUserPage :76 - Click on User Role Admin [[ChromeDriver: chrome on WINDOWS (26f6f71e7d0e61f5f6330c2b7bb6a9c2)] -> link text: Admin]
2023-05-23 13:05:543 INFO  AddUserPage :99 - Click on Status dropdown [[ChromeDriver: chrome on WINDOWS (26f6f71e7d0e61f5f6330c2b7bb6a9c2)] -> xpath: (//div[contains(text(),'-- Select --')])[2]]
2023-05-23 14:05:291 INFO  LoginPage :40 - Enter user name [[ChromeDriver: chrome on WINDOWS (9a85b0e1120a49520a92f9fe0f14267e)] -> xpath: //input[@placeholder='Username']]
2023-05-23 14:05:394 INFO  LoginPage :45 - Enter password [[ChromeDriver: chrome on WINDOWS (9a85b0e1120a49520a92f9fe0f14267e)] -> xpath: //input[@placeholder='Password']]
2023-05-23 14:05:425 INFO  LoginPage :50 - Click on Login Button [[ChromeDriver: chrome on WINDOWS (9a85b0e1120a49520a92f9fe0f14267e)] -> xpath: //button[normalize-space()='Login']]
2023-05-23 14:05:185 INFO  HomePage :44 - Click on Admin link [[ChromeDriver: chrome on WINDOWS (9a85b0e1120a49520a92f9fe0f14267e)] -> link text: Admin]
2023-05-23 14:05:440 INFO  ViewSystemUserPage :68 -  Get System users text [[ChromeDriver: chrome on WINDOWS (9a85b0e1120a49520a92f9fe0f14267e)] -> xpath: //h5[normalize-space()='System Users']]
2023-05-23 14:05:873 INFO  ViewSystemUserPage :108 - Click on add button  [[ChromeDriver: chrome on WINDOWS (9a85b0e1120a49520a92f9fe0f14267e)] -> xpath: //button[normalize-space()='Add']]
2023-05-23 14:05:109 INFO  AddUserPage :63 - Get Add User text [[ChromeDriver: chrome on WINDOWS (9a85b0e1120a49520a92f9fe0f14267e)] -> xpath: //h6[normalize-space()='Add User']]
2023-05-23 14:05:198 INFO  AddUserPage :74 - Click on User Role dropdown [[ChromeDriver: chrome on WINDOWS (9a85b0e1120a49520a92f9fe0f14267e)] -> xpath: //div[contains(text(),'-- Select --')]]
2023-05-23 14:05:696 INFO  AddUserPage :76 - Click on User Role Admin [[ChromeDriver: chrome on WINDOWS (9a85b0e1120a49520a92f9fe0f14267e)] -> link text: Admin]
2023-05-23 14:05:985 INFO  AddUserPage :81 - Enter Employee name Alice Duval
2023-05-23 14:05:100 INFO  AddUserPage :86 - Enter Username [[ChromeDriver: chrome on WINDOWS (9a85b0e1120a49520a92f9fe0f14267e)] -> xpath: (//input[@class='oxd-input oxd-input--active'])[2]]
2023-05-23 14:05:156 INFO  AddUserPage :99 - Click on Status dropdown [[ChromeDriver: chrome on WINDOWS (9a85b0e1120a49520a92f9fe0f14267e)] -> xpath: (//div[contains(text(),'-- Select --')])[2]]
2023-05-23 14:05:335 INFO  AddUserPage :105 - Click on status Disable [[ChromeDriver: chrome on WINDOWS (9a85b0e1120a49520a92f9fe0f14267e)] -> xpath: //div[contains(text(),'Disabled')]]
2023-05-23 14:05:264 INFO  LoginPage :40 - Enter user name [[ChromeDriver: chrome on WINDOWS (aa1d9c090cd1d3d27791de37160695ad)] -> xpath: //input[@placeholder='Username']]
2023-05-23 14:05:361 INFO  LoginPage :45 - Enter password [[ChromeDriver: chrome on WINDOWS (aa1d9c090cd1d3d27791de37160695ad)] -> xpath: //input[@placeholder='Password']]
2023-05-23 14:05:275 INFO  LoginPage :50 - Click on Login Button [[ChromeDriver: chrome on WINDOWS (aa1d9c090cd1d3d27791de37160695ad)] -> xpath: //button[normalize-space()='Login']]
2023-05-23 14:05:849 INFO  HomePage :44 - Click on Admin link [[ChromeDriver: chrome on WINDOWS (aa1d9c090cd1d3d27791de37160695ad)] -> link text: Admin]
2023-05-23 14:05:155 INFO  ViewSystemUserPage :68 -  Get System users text [[ChromeDriver: chrome on WINDOWS (aa1d9c090cd1d3d27791de37160695ad)] -> xpath: //h5[normalize-space()='System Users']]
2023-05-23 14:05:304 INFO  AddUserPage :86 - Enter Username [[ChromeDriver: chrome on WINDOWS (aa1d9c090cd1d3d27791de37160695ad)] -> xpath: (//input[@class='oxd-input oxd-input--active'])[2]]
2023-05-23 14:05:365 INFO  AddUserPage :74 - Click on User Role dropdown [[ChromeDriver: chrome on WINDOWS (aa1d9c090cd1d3d27791de37160695ad)] -> xpath: //div[contains(text(),'-- Select --')]]
2023-05-23 14:05:968 INFO  AddUserPage :76 - Click on User Role Admin [[ChromeDriver: chrome on WINDOWS (aa1d9c090cd1d3d27791de37160695ad)] -> link text: Admin]
2023-05-23 14:05:203 INFO  AddUserPage :99 - Click on Status dropdown [[ChromeDriver: chrome on WINDOWS (aa1d9c090cd1d3d27791de37160695ad)] -> xpath: (//div[contains(text(),'-- Select --')])[2]]
2023-05-23 14:05:551 INFO  AddUserPage :105 - Click on status Disable [[ChromeDriver: chrome on WINDOWS (aa1d9c090cd1d3d27791de37160695ad)] -> xpath: //div[contains(text(),'Disabled')]]
2023-05-23 14:05:297 INFO  LoginPage :40 - Enter user name [[ChromeDriver: chrome on WINDOWS (881ef90905cb88b2c37f6cefe6cc424f)] -> xpath: //input[@placeholder='Username']]
2023-05-23 14:05:391 INFO  LoginPage :45 - Enter password [[ChromeDriver: chrome on WINDOWS (881ef90905cb88b2c37f6cefe6cc424f)] -> xpath: //input[@placeholder='Password']]
2023-05-23 14:05:244 INFO  LoginPage :50 - Click on Login Button [[ChromeDriver: chrome on WINDOWS (881ef90905cb88b2c37f6cefe6cc424f)] -> xpath: //button[normalize-space()='Login']]
2023-05-23 14:05:863 INFO  HomePage :44 - Click on Admin link [[ChromeDriver: chrome on WINDOWS (881ef90905cb88b2c37f6cefe6cc424f)] -> link text: Admin]
2023-05-23 14:05:121 INFO  ViewSystemUserPage :68 -  Get System users text [[ChromeDriver: chrome on WINDOWS (881ef90905cb88b2c37f6cefe6cc424f)] -> xpath: //h5[normalize-space()='System Users']]
2023-05-23 14:05:256 INFO  AddUserPage :86 - Enter Username [[ChromeDriver: chrome on WINDOWS (881ef90905cb88b2c37f6cefe6cc424f)] -> xpath: (//input[@class='oxd-input oxd-input--active'])[2]]
2023-05-23 14:05:307 INFO  AddUserPage :74 - Click on User Role dropdown [[ChromeDriver: chrome on WINDOWS (881ef90905cb88b2c37f6cefe6cc424f)] -> xpath: //div[contains(text(),'-- Select --')]]
2023-05-23 14:05:802 INFO  AddUserPage :76 - Click on User Role Admin [[ChromeDriver: chrome on WINDOWS (881ef90905cb88b2c37f6cefe6cc424f)] -> link text: Admin]
2023-05-23 14:05:42 INFO  AddUserPage :99 - Click on Status dropdown [[ChromeDriver: chrome on WINDOWS (881ef90905cb88b2c37f6cefe6cc424f)] -> xpath: (//div[contains(text(),'-- Select --')])[2]]
2023-05-23 14:05:395 INFO  AddUserPage :105 - Click on status Disable [[ChromeDriver: chrome on WINDOWS (881ef90905cb88b2c37f6cefe6cc424f)] -> xpath: //div[contains(text(),'Disabled')]]
2023-05-23 14:05:149 INFO  LoginPage :40 - Enter user name [[ChromeDriver: chrome on WINDOWS (f8b2cf2709518e8a1c7d033b79d54df8)] -> xpath: //input[@placeholder='Username']]
2023-05-23 14:05:261 INFO  LoginPage :45 - Enter password [[ChromeDriver: chrome on WINDOWS (f8b2cf2709518e8a1c7d033b79d54df8)] -> xpath: //input[@placeholder='Password']]
2023-05-23 14:05:99 INFO  LoginPage :50 - Click on Login Button [[ChromeDriver: chrome on WINDOWS (f8b2cf2709518e8a1c7d033b79d54df8)] -> xpath: //button[normalize-space()='Login']]
2023-05-23 14:05:641 INFO  HomePage :44 - Click on Admin link [[ChromeDriver: chrome on WINDOWS (f8b2cf2709518e8a1c7d033b79d54df8)] -> link text: Admin]
2023-05-23 14:05:865 INFO  ViewSystemUserPage :68 -  Get System users text [[ChromeDriver: chrome on WINDOWS (f8b2cf2709518e8a1c7d033b79d54df8)] -> xpath: //h5[normalize-space()='System Users']]
2023-05-23 14:05:979 INFO  AddUserPage :86 - Enter Username [[ChromeDriver: chrome on WINDOWS (f8b2cf2709518e8a1c7d033b79d54df8)] -> xpath: (//input[@class='oxd-input oxd-input--active'])[2]]
2023-05-23 14:05:34 INFO  AddUserPage :74 - Click on User Role dropdown [[ChromeDriver: chrome on WINDOWS (f8b2cf2709518e8a1c7d033b79d54df8)] -> xpath: //div[contains(text(),'-- Select --')]]
2023-05-23 14:05:502 INFO  AddUserPage :76 - Click on User Role Admin [[ChromeDriver: chrome on WINDOWS (f8b2cf2709518e8a1c7d033b79d54df8)] -> link text: Admin]
2023-05-23 14:05:738 INFO  AddUserPage :99 - Click on Status dropdown [[ChromeDriver: chrome on WINDOWS (f8b2cf2709518e8a1c7d033b79d54df8)] -> xpath: (//div[contains(text(),'-- Select --')])[2]]
2023-05-23 14:05:95 INFO  AddUserPage :105 - Click on status Disable [[ChromeDriver: chrome on WINDOWS (f8b2cf2709518e8a1c7d033b79d54df8)] -> xpath: //div[contains(text(),'Disabled')]]
2023-05-23 14:05:872 INFO  LoginPage :42 - Enter user name [[ChromeDriver: chrome on WINDOWS (c0ff4fdebda851b64e47b97fd80c8e74)] -> xpath: //input[@placeholder='Username']]
2023-05-23 14:05:972 INFO  LoginPage :47 - Enter password [[ChromeDriver: chrome on WINDOWS (c0ff4fdebda851b64e47b97fd80c8e74)] -> xpath: //input[@placeholder='Password']]
2023-05-23 14:05:823 INFO  LoginPage :52 - Click on Login Button [[ChromeDriver: chrome on WINDOWS (c0ff4fdebda851b64e47b97fd80c8e74)] -> xpath: //button[normalize-space()='Login']]
2023-05-23 14:05:628 INFO  LoginPage :42 - Enter user name [[ChromeDriver: chrome on WINDOWS (d52cafcb6dc6182c188ee22994499d00)] -> xpath: //input[@placeholder='Username']]
2023-05-23 14:05:738 INFO  LoginPage :47 - Enter password [[ChromeDriver: chrome on WINDOWS (d52cafcb6dc6182c188ee22994499d00)] -> xpath: //input[@placeholder='Password']]
2023-05-23 14:05:791 INFO  LoginPage :52 - Click on Login Button [[ChromeDriver: chrome on WINDOWS (d52cafcb6dc6182c188ee22994499d00)] -> xpath: //button[normalize-space()='Login']]
2023-05-23 14:05:355 INFO  HomePage :44 - Click on Admin link [[ChromeDriver: chrome on WINDOWS (d52cafcb6dc6182c188ee22994499d00)] -> link text: Admin]
2023-05-23 14:05:718 INFO  ViewSystemUserPage :68 -  Get System users text [[ChromeDriver: chrome on WINDOWS (d52cafcb6dc6182c188ee22994499d00)] -> xpath: //h5[normalize-space()='System Users']]
2023-05-23 14:05:119 INFO  ViewSystemUserPage :108 - Click on add button  [[ChromeDriver: chrome on WINDOWS (d52cafcb6dc6182c188ee22994499d00)] -> xpath: //button[normalize-space()='Add']]
2023-05-23 14:05:331 INFO  AddUserPage :63 - Get Add User text [[ChromeDriver: chrome on WINDOWS (d52cafcb6dc6182c188ee22994499d00)] -> xpath: //h6[normalize-space()='Add User']]
2023-05-23 14:05:432 INFO  AddUserPage :74 - Click on User Role dropdown [[ChromeDriver: chrome on WINDOWS (d52cafcb6dc6182c188ee22994499d00)] -> xpath: //div[contains(text(),'-- Select --')]]
2023-05-23 14:05:963 INFO  AddUserPage :76 - Click on User Role Admin [[ChromeDriver: chrome on WINDOWS (d52cafcb6dc6182c188ee22994499d00)] -> link text: Admin]
2023-05-23 14:05:268 INFO  AddUserPage :81 - Enter Employee name Alice Duval
2023-05-23 14:05:385 INFO  AddUserPage :86 - Enter Username [[ChromeDriver: chrome on WINDOWS (d52cafcb6dc6182c188ee22994499d00)] -> xpath: (//input[@class='oxd-input oxd-input--active'])[2]]
2023-05-23 14:05:504 INFO  AddUserPage :99 - Click on Status dropdown [[ChromeDriver: chrome on WINDOWS (d52cafcb6dc6182c188ee22994499d00)] -> xpath: (//div[contains(text(),'-- Select --')])[2]]
2023-05-23 14:05:307 INFO  LoginPage :42 - Enter user name [[ChromeDriver: chrome on WINDOWS (c1a7935668b58fc89d50eb43c25edefd)] -> xpath: //input[@placeholder='Username']]
2023-05-23 14:05:448 INFO  LoginPage :47 - Enter password [[ChromeDriver: chrome on WINDOWS (c1a7935668b58fc89d50eb43c25edefd)] -> xpath: //input[@placeholder='Password']]
2023-05-23 14:05:533 INFO  LoginPage :52 - Click on Login Button [[ChromeDriver: chrome on WINDOWS (c1a7935668b58fc89d50eb43c25edefd)] -> xpath: //button[normalize-space()='Login']]
2023-05-23 14:05:188 INFO  LoginPage :42 - Enter user name [[ChromeDriver: chrome on WINDOWS (4789c61370686b553b92dc1831e825a3)] -> xpath: //input[@placeholder='Username']]
2023-05-23 14:05:305 INFO  LoginPage :47 - Enter password [[ChromeDriver: chrome on WINDOWS (4789c61370686b553b92dc1831e825a3)] -> xpath: //input[@placeholder='Password']]
2023-05-23 14:05:403 INFO  LoginPage :52 - Click on Login Button [[ChromeDriver: chrome on WINDOWS (4789c61370686b553b92dc1831e825a3)] -> xpath: //button[normalize-space()='Login']]
2023-05-23 14:05:422 INFO  HomePage :44 - Click on Admin link [[ChromeDriver: chrome on WINDOWS (4789c61370686b553b92dc1831e825a3)] -> link text: Admin]
2023-05-23 14:05:669 INFO  ViewSystemUserPage :68 -  Get System users text [[ChromeDriver: chrome on WINDOWS (4789c61370686b553b92dc1831e825a3)] -> xpath: //h5[normalize-space()='System Users']]
2023-05-23 14:05:811 INFO  AddUserPage :86 - Enter Username [[ChromeDriver: chrome on WINDOWS (4789c61370686b553b92dc1831e825a3)] -> xpath: (//input[@class='oxd-input oxd-input--active'])[2]]
2023-05-23 14:05:07 INFO  AddUserPage :74 - Click on User Role dropdown [[ChromeDriver: chrome on WINDOWS (4789c61370686b553b92dc1831e825a3)] -> xpath: //div[contains(text(),'-- Select --')]]
2023-05-23 14:05:606 INFO  AddUserPage :76 - Click on User Role Admin [[ChromeDriver: chrome on WINDOWS (4789c61370686b553b92dc1831e825a3)] -> link text: Admin]
2023-05-23 14:05:890 INFO  AddUserPage :99 - Click on Status dropdown [[ChromeDriver: chrome on WINDOWS (4789c61370686b553b92dc1831e825a3)] -> xpath: (//div[contains(text(),'-- Select --')])[2]]
2023-05-23 14:05:324 INFO  AddUserPage :105 - Click on status Disable [[ChromeDriver: chrome on WINDOWS (4789c61370686b553b92dc1831e825a3)] -> xpath: //div[contains(text(),'Disabled')]]
2023-05-23 14:05:403 INFO  ViewSystemUserPage :98 -  Click on Search Button [[ChromeDriver: chrome on WINDOWS (4789c61370686b553b92dc1831e825a3)] -> xpath: //button[normalize-space()='Search']]
2023-05-23 14:05:870 INFO  ViewSystemUserPage :117 -  Get result List text [[ChromeDriver: chrome on WINDOWS (4789c61370686b553b92dc1831e825a3)] -> xpath: (//div[@class='oxd-table-card'])]
2023-05-23 14:05:340 INFO  LoginPage :43 - Enter user name [[ChromeDriver: chrome on WINDOWS (55def76b9adb2fb44f1fc444bc36e0a4)] -> xpath: //input[@placeholder='Username']]
2023-05-23 14:05:465 INFO  LoginPage :48 - Enter password [[ChromeDriver: chrome on WINDOWS (55def76b9adb2fb44f1fc444bc36e0a4)] -> xpath: //input[@placeholder='Password']]
2023-05-23 14:05:472 INFO  LoginPage :53 - Click on Login Button [[ChromeDriver: chrome on WINDOWS (55def76b9adb2fb44f1fc444bc36e0a4)] -> xpath: //button[normalize-space()='Login']]
2023-05-23 14:05:791 INFO  DashboardPage :43 -  Click on User Profile Logo [[ChromeDriver: chrome on WINDOWS (55def76b9adb2fb44f1fc444bc36e0a4)] -> xpath: //img[@class='oxd-userdropdown-img']]
2023-05-23 14:05:790 INFO  DashboardPage :49 - Mouse Hover on Logout And click [[ChromeDriver: chrome on WINDOWS (55def76b9adb2fb44f1fc444bc36e0a4)] -> xpath: //a[normalize-space()='Logout']]
2023-05-23 14:05:920 INFO  LoginPage :61 - Get Login Panel text Proxy element for: DefaultElementLocator 'By.xpath: //h5[normalize-space()='Login']'
2023-05-23 14:05:339 INFO  LoginPage :43 - Enter user name [[ChromeDriver: chrome on WINDOWS (e329a729d830f052691ab1d50b3e3bf7)] -> xpath: //input[@placeholder='Username']]
2023-05-23 14:05:452 INFO  LoginPage :48 - Enter password [[ChromeDriver: chrome on WINDOWS (e329a729d830f052691ab1d50b3e3bf7)] -> xpath: //input[@placeholder='Password']]
2023-05-23 14:05:362 INFO  LoginPage :53 - Click on Login Button [[ChromeDriver: chrome on WINDOWS (e329a729d830f052691ab1d50b3e3bf7)] -> xpath: //button[normalize-space()='Login']]
2023-05-23 14:05:794 INFO  HomePage :44 - Click on Admin link [[ChromeDriver: chrome on WINDOWS (e329a729d830f052691ab1d50b3e3bf7)] -> link text: Admin]
2023-05-23 14:05:230 INFO  ViewSystemUserPage :68 -  Get System users text [[ChromeDriver: chrome on WINDOWS (e329a729d830f052691ab1d50b3e3bf7)] -> xpath: //h5[normalize-space()='System Users']]
2023-05-23 14:05:734 INFO  ViewSystemUserPage :108 - Click on add button  [[ChromeDriver: chrome on WINDOWS (e329a729d830f052691ab1d50b3e3bf7)] -> xpath: //button[normalize-space()='Add']]
2023-05-23 14:05:01 INFO  AddUserPage :63 - Get Add User text [[ChromeDriver: chrome on WINDOWS (e329a729d830f052691ab1d50b3e3bf7)] -> xpath: //h6[normalize-space()='Add User']]
2023-05-23 14:05:91 INFO  AddUserPage :74 - Click on User Role dropdown [[ChromeDriver: chrome on WINDOWS (e329a729d830f052691ab1d50b3e3bf7)] -> xpath: //div[contains(text(),'-- Select --')]]
2023-05-23 14:05:803 INFO  AddUserPage :76 - Click on User Role Admin [[ChromeDriver: chrome on WINDOWS (e329a729d830f052691ab1d50b3e3bf7)] -> link text: Admin]
2023-05-23 14:05:223 INFO  AddUserPage :81 - Enter Employee name Alice Duval
2023-05-23 14:05:339 INFO  AddUserPage :86 - Enter Username [[ChromeDriver: chrome on WINDOWS (e329a729d830f052691ab1d50b3e3bf7)] -> xpath: (//input[@class='oxd-input oxd-input--active'])[2]]
2023-05-23 14:05:508 INFO  AddUserPage :99 - Click on Status dropdown [[ChromeDriver: chrome on WINDOWS (e329a729d830f052691ab1d50b3e3bf7)] -> xpath: (//div[contains(text(),'-- Select --')])[2]]
2023-05-23 14:05:573 INFO  AddUserPage :105 - Click on status Disable [[ChromeDriver: chrome on WINDOWS (e329a729d830f052691ab1d50b3e3bf7)] -> xpath: //div[contains(text(),'Disabled')]]
2023-05-23 14:05:104 INFO  LoginPage :43 - Enter user name [[ChromeDriver: chrome on WINDOWS (8fc87ecaed735232565cb7680307affc)] -> xpath: //input[@placeholder='Username']]
2023-05-23 14:05:209 INFO  LoginPage :48 - Enter password [[ChromeDriver: chrome on WINDOWS (8fc87ecaed735232565cb7680307affc)] -> xpath: //input[@placeholder='Password']]
2023-05-23 14:05:284 INFO  LoginPage :53 - Click on Login Button [[ChromeDriver: chrome on WINDOWS (8fc87ecaed735232565cb7680307affc)] -> xpath: //button[normalize-space()='Login']]
2023-05-23 14:05:369 INFO  HomePage :44 - Click on Admin link [[ChromeDriver: chrome on WINDOWS (8fc87ecaed735232565cb7680307affc)] -> link text: Admin]
2023-05-23 14:05:713 INFO  ViewSystemUserPage :68 -  Get System users text [[ChromeDriver: chrome on WINDOWS (8fc87ecaed735232565cb7680307affc)] -> xpath: //h5[normalize-space()='System Users']]
2023-05-23 14:05:861 INFO  AddUserPage :86 - Enter Username [[ChromeDriver: chrome on WINDOWS (8fc87ecaed735232565cb7680307affc)] -> xpath: (//input[@class='oxd-input oxd-input--active'])[2]]
2023-05-23 14:05:925 INFO  AddUserPage :74 - Click on User Role dropdown [[ChromeDriver: chrome on WINDOWS (8fc87ecaed735232565cb7680307affc)] -> xpath: //div[contains(text(),'-- Select --')]]
2023-05-23 14:05:691 INFO  AddUserPage :76 - Click on User Role Admin [[ChromeDriver: chrome on WINDOWS (8fc87ecaed735232565cb7680307affc)] -> link text: Admin]
2023-05-23 14:05:997 INFO  AddUserPage :99 - Click on Status dropdown [[ChromeDriver: chrome on WINDOWS (8fc87ecaed735232565cb7680307affc)] -> xpath: (//div[contains(text(),'-- Select --')])[2]]
2023-05-23 14:05:357 INFO  AddUserPage :105 - Click on status Disable [[ChromeDriver: chrome on WINDOWS (8fc87ecaed735232565cb7680307affc)] -> xpath: //div[contains(text(),'Disabled')]]
2023-05-23 14:05:436 INFO  ViewSystemUserPage :98 -  Click on Search Button [[ChromeDriver: chrome on WINDOWS (8fc87ecaed735232565cb7680307affc)] -> xpath: //button[normalize-space()='Search']]
2023-05-23 14:05:837 INFO  ViewSystemUserPage :117 -  Get result List text [[ChromeDriver: chrome on WINDOWS (8fc87ecaed735232565cb7680307affc)] -> xpath: (//div[@class='oxd-table-card'])]
2023-05-23 14:05:719 INFO  LoginPage :43 - Enter user name [[ChromeDriver: chrome on WINDOWS (22bd30f8d7c31aed24d9684c358b54b7)] -> xpath: //input[@placeholder='Username']]
2023-05-23 14:05:820 INFO  LoginPage :48 - Enter password [[ChromeDriver: chrome on WINDOWS (22bd30f8d7c31aed24d9684c358b54b7)] -> xpath: //input[@placeholder='Password']]
2023-05-23 14:05:76 INFO  LoginPage :53 - Click on Login Button [[ChromeDriver: chrome on WINDOWS (22bd30f8d7c31aed24d9684c358b54b7)] -> xpath: //button[normalize-space()='Login']]
2023-05-23 14:05:119 INFO  HomePage :44 - Click on Admin link [[ChromeDriver: chrome on WINDOWS (22bd30f8d7c31aed24d9684c358b54b7)] -> link text: Admin]
2023-05-23 14:05:485 INFO  ViewSystemUserPage :68 -  Get System users text [[ChromeDriver: chrome on WINDOWS (22bd30f8d7c31aed24d9684c358b54b7)] -> xpath: //h5[normalize-space()='System Users']]
2023-05-23 14:05:645 INFO  AddUserPage :86 - Enter Username [[ChromeDriver: chrome on WINDOWS (22bd30f8d7c31aed24d9684c358b54b7)] -> xpath: (//input[@class='oxd-input oxd-input--active'])[2]]
2023-05-23 14:05:718 INFO  AddUserPage :74 - Click on User Role dropdown [[ChromeDriver: chrome on WINDOWS (22bd30f8d7c31aed24d9684c358b54b7)] -> xpath: //div[contains(text(),'-- Select --')]]
2023-05-23 14:05:530 INFO  AddUserPage :76 - Click on User Role Admin [[ChromeDriver: chrome on WINDOWS (22bd30f8d7c31aed24d9684c358b54b7)] -> link text: Admin]
2023-05-23 14:05:21 INFO  AddUserPage :99 - Click on Status dropdown [[ChromeDriver: chrome on WINDOWS (22bd30f8d7c31aed24d9684c358b54b7)] -> xpath: (//div[contains(text(),'-- Select --')])[2]]
2023-05-23 14:05:417 INFO  AddUserPage :105 - Click on status Disable [[ChromeDriver: chrome on WINDOWS (22bd30f8d7c31aed24d9684c358b54b7)] -> xpath: //div[contains(text(),'Disabled')]]
2023-05-23 14:05:477 INFO  ViewSystemUserPage :98 -  Click on Search Button [[ChromeDriver: chrome on WINDOWS (22bd30f8d7c31aed24d9684c358b54b7)] -> xpath: //button[normalize-space()='Search']]
2023-05-23 14:05:992 INFO  ViewSystemUserPage :117 -  Get result List text [[ChromeDriver: chrome on WINDOWS (22bd30f8d7c31aed24d9684c358b54b7)] -> xpath: (//div[@class='oxd-table-card'])]
2023-05-23 14:05:78 INFO  ViewSystemUserPage :128 -  Click on Checkbox [[ChromeDriver: chrome on WINDOWS (22bd30f8d7c31aed24d9684c358b54b7)] -> xpath: //div[@role='columnheader']//i[@class='oxd-icon bi-check oxd-checkbox-input-icon']]
2023-05-23 14:05:144 INFO  ViewSystemUserPage :113 -  Click on Delete Button [[ChromeDriver: chrome on WINDOWS (22bd30f8d7c31aed24d9684c358b54b7)] -> xpath: //i[@class='oxd-icon bi-trash']]
2023-05-23 14:05:149 INFO  LoginPage :43 - Enter user name [[ChromeDriver: chrome on WINDOWS (2fa1e56cde96027570a26e264ccc504b)] -> xpath: //input[@placeholder='Username']]
2023-05-23 14:05:241 INFO  LoginPage :48 - Enter password [[ChromeDriver: chrome on WINDOWS (2fa1e56cde96027570a26e264ccc504b)] -> xpath: //input[@placeholder='Password']]
2023-05-23 14:05:313 INFO  LoginPage :53 - Click on Login Button [[ChromeDriver: chrome on WINDOWS (2fa1e56cde96027570a26e264ccc504b)] -> xpath: //button[normalize-space()='Login']]
2023-05-23 14:05:158 INFO  HomePage :44 - Click on Admin link [[ChromeDriver: chrome on WINDOWS (2fa1e56cde96027570a26e264ccc504b)] -> link text: Admin]
2023-05-23 14:05:587 INFO  ViewSystemUserPage :68 -  Get System users text [[ChromeDriver: chrome on WINDOWS (2fa1e56cde96027570a26e264ccc504b)] -> xpath: //h5[normalize-space()='System Users']]
2023-05-23 14:05:708 INFO  AddUserPage :86 - Enter Username [[ChromeDriver: chrome on WINDOWS (2fa1e56cde96027570a26e264ccc504b)] -> xpath: (//input[@class='oxd-input oxd-input--active'])[2]]
2023-05-23 14:05:772 INFO  AddUserPage :74 - Click on User Role dropdown [[ChromeDriver: chrome on WINDOWS (2fa1e56cde96027570a26e264ccc504b)] -> xpath: //div[contains(text(),'-- Select --')]]
2023-05-23 14:05:360 INFO  AddUserPage :76 - Click on User Role Admin [[ChromeDriver: chrome on WINDOWS (2fa1e56cde96027570a26e264ccc504b)] -> link text: Admin]
2023-05-23 14:05:833 INFO  AddUserPage :99 - Click on Status dropdown [[ChromeDriver: chrome on WINDOWS (2fa1e56cde96027570a26e264ccc504b)] -> xpath: (//div[contains(text(),'-- Select --')])[2]]
2023-05-23 14:05:264 INFO  AddUserPage :105 - Click on status Disable [[ChromeDriver: chrome on WINDOWS (2fa1e56cde96027570a26e264ccc504b)] -> xpath: //div[contains(text(),'Disabled')]]
2023-05-23 14:05:337 INFO  LoginPage :43 - Enter user name [[ChromeDriver: chrome on WINDOWS (80170bcc818f0bc60a127c270e3dd68e)] -> xpath: //input[@placeholder='Username']]
2023-05-23 14:05:446 INFO  LoginPage :48 - Enter password [[ChromeDriver: chrome on WINDOWS (80170bcc818f0bc60a127c270e3dd68e)] -> xpath: //input[@placeholder='Password']]
2023-05-23 14:05:433 INFO  LoginPage :53 - Click on Login Button [[ChromeDriver: chrome on WINDOWS (80170bcc818f0bc60a127c270e3dd68e)] -> xpath: //button[normalize-space()='Login']]
2023-05-23 14:05:927 INFO  DashboardPage :43 -  Click on User Profile Logo [[ChromeDriver: chrome on WINDOWS (80170bcc818f0bc60a127c270e3dd68e)] -> xpath: //img[@class='oxd-userdropdown-img']]
2023-05-23 14:05:620 INFO  DashboardPage :49 - Mouse Hover on Logout And click [[ChromeDriver: chrome on WINDOWS (80170bcc818f0bc60a127c270e3dd68e)] -> xpath: //a[normalize-space()='Logout']]
2023-05-23 14:05:704 INFO  LoginPage :61 - Get Login Panel text Proxy element for: DefaultElementLocator 'By.xpath: //h5[normalize-space()='Login']'
2023-05-23 14:05:624 INFO  LoginPage :43 - Enter user name [[ChromeDriver: chrome on WINDOWS (8756cf7aeefba6d6b8db8af1445dac50)] -> xpath: //input[@placeholder='Username']]
2023-05-23 14:05:751 INFO  LoginPage :48 - Enter password [[ChromeDriver: chrome on WINDOWS (8756cf7aeefba6d6b8db8af1445dac50)] -> xpath: //input[@placeholder='Password']]
2023-05-23 14:05:821 INFO  LoginPage :53 - Click on Login Button [[ChromeDriver: chrome on WINDOWS (8756cf7aeefba6d6b8db8af1445dac50)] -> xpath: //button[normalize-space()='Login']]
2023-05-23 14:05:579 INFO  DashboardPage :43 -  Click on User Profile Logo [[ChromeDriver: chrome on WINDOWS (8756cf7aeefba6d6b8db8af1445dac50)] -> xpath: //p[@class='oxd-userdropdown-name']]
2023-05-23 14:05:703 INFO  DashboardPage :49 - Mouse Hover on Logout And click [[ChromeDriver: chrome on WINDOWS (8756cf7aeefba6d6b8db8af1445dac50)] -> xpath: //a[normalize-space()='Logout']]
2023-05-23 14:05:67 INFO  LoginPage :61 - Get Login Panel text [[ChromeDriver: chrome on WINDOWS (8756cf7aeefba6d6b8db8af1445dac50)] -> xpath: //h5[normalize-space()='Login']]
